24 6520 262 9702 2007 9099 2343 4144 1480 7882 2298 5739 6072 7904 3134 4996 1107 7966 2134 8721 6834 605 8625 4220 8046
17 5317 5864 8452 3905 2693 7314 7028 1817 3198 6581 5763 2984 3887 9624 9489 1594 6935
19 4898 881 7182 2288 134 9751 3491 9451 5997 1666 1572 6792 4460 2289 7228 7496 5159 8778 1293
28 7329 8070 2491 9509 3864 8038 8991 4303 6362 39 9011 6382 7280 5156 928 5625 3215 5151 2692 4647 6108 4735 7181 7105 3337 7460 4987 5434
24 6363 6548 9764 5426 4532 3311 5593 129 8048 1119 9648 694 2155 6855 9055 7279 5348 7125 4823 7844 5084 8019 3889 9398
25 7003 6830 8160 3187 8606 9503 9444 1071 1680 1545 2918 5452 8762 2806 3139 6145 171 723 264 4998 8893 1374 3705 8885 7937
25 2735 5437 1773 7347 8464 9897 3508 4924 9100 3265 288 1188 619 5833 8565 2863 3630 2499 5895 1155 4127 8718 6227 1213 8543
18 6462 558 2591 4301 7476 5321 3962 698 7387 103 1691 5950 7892 5505 5072 9967 1823 900
32 8732 6740 2605 8239 7318 2122 2379 1486 8767 2512 9097 9447 2242 2978 4306 1041 7711 8655 7431 4054 7133 7536 4189 2269 3868 4298 3252 7290 6664 7943 464 6559
36 2881 1721 2787 7373 2147 2261 7253 3548 9586 6 2517 7741 5664 9780 6055 8087 5898 559 3703 968 257 8066 7806 427 9437 6943 7100 289 2545 2629 2820 1003 9676 1624 6933 8308
29 2204 4087 4450 6724 6169 6526 2344 8124 1286 7501 3091 5694 7653 9814 1975 9220 539 3733 8672 3191 2549 6322 8106 7374 8006 8934 7833 6467 3310
28 5377 5679 3749 1322 2439 2330 7291 5934 7186 8998 3338 3750 7929 8973 4337 8108 8364 4844 2678 7089 2987 5812 4468 5470 3431 6595 9350 7814
28 613 854 3877 2959 5604 5424 6102 3163 2112 4163 7787 1270 3980 3801 8395 2768 4802 962 3120 204 5908 6365 5044 4572 654 1586 8251 2544
39 4184 4029 205 4942 2272 2741 8353 938 6491 355 3555 107 4612 9588 4985 9060 2877 7332 7584 4320 4253 1295 7168 7997 4610 9009 4723 7718 679 8692 6555 3960 8619 1234 3478 181 7771 2840 3897
30 8667 631 8749 4148 7293 1057 9689 7345 1433 3487 4249 7438 1215 9540 6281 3694 9742 8432 4046 798 0 7056 4632 7427 913 78 888 1009 5647 2138
29 1725 6181 1816 2198 6012 8244 6514 8786 6689 9788 1989 4810 4673 3515 9158 6131 4845 3623 1724 4625 4385 7972 6034 3186 5339 3041 8411 3737 5894
28 4135 7196 2382 380 3061 5481 3117 5619 7798 8785 1459 164 396 9919 5136 6207 6564 1686 9844 2193 9028 2698 3965 359 835 6323 5037 4277
37 3256 7205 8167 2662 7970 3173 3982 6480 2522 4884 5626 825 3213 7285 7146 461 9355 4880 7945 7746 2381 397 8683 3359 5490 6621 7728 1614 345 7817 447 9663 8156 6470 7487 54 6439
30 3625 8736 8868 3940 6729 19 8525 5674 4575 4624 2400 5393 8248 4789 2648 9612 2374 6463 5460 9240 1917 5314 6743 7447 6914 7621 4757 8862 4095 6934
38 5260 3828 9944 2119 946 4340 8016 1934 9979 2721 3795 7094 8366 1341 3066 8676 745 9118 1302 8842 577 155 5031 2266 5462 1428 8526 9318 9032 6241 8145 8380 5274 3975 1699 7593 1935 8414
35 2082 448 4872 7394 7322 3090 9144 1367 5794 634 7867 6907 8061 4614 34 967 3114 7528 2847 8014 14 1334 2462 2050 5643 1476 8080 8234 4662 2457 9573 8282 7968 3313 4978
28 8402 2646 9880 964 5658 2142 8079 3494 9153 4380 1847 5984 8143 4074 9986 8284 251 5917 5581 8622 8654 2879 2597 6210 9184 2421 5784 3517
31 8745 6353 2018 2316 4689 7850 9559 8449 1318 3096 7443 6069 4834 2346 2931 5048 9575 5303 9989 3074 5217 6892 8327 4768 778 4977 3223 9146 5978 2096 4795
18 3330 446 1004 1660 1252 3829 9784 4536 3779 4981 5480 3206 6495 6309 7328 793 5578 2853
27 1554 9455 7020 2594 1932 6159 5968 6245 2115 2958 9530 2111 2832 3150 8812 4026 9358 7821 6696 8808 1705 4316 6005 3792 1375 9956 3838
21 1908 4944 8784 2056 4112 7468 8914 2524 9006 4244 3656 8946 6717 4181 6994 3015 5501 1622 4324 3644 8908
33 8458 7267 81 4232 1146 5837 3775 252 4291 8624 8417 2406 7620 4396 4928 5482 5708 4322 7907 9959 9678 1401 1039 6624 6060 5039 6978 2225 455 4378 7289 4799 2815
31 8272 3721 8150 1209 4869 4247 9090 5802 2412 7454 5932 2714 3689 3652 9474 9889 5900 6759 5671 3741 9365 6355 1126 7052 8905 504 8863 7983 2586 4193 9304
43 6902 489 9238 9735 8573 4593 519 8257 6036 6288 6578 1736 1968 9410 1542 3878 9477 2670 9301 8029 9467 8545 8258 8707 754 5488 7623 5047 7144 5947 4222 5570 4611 6791 1446 9531 1398 7151 2886 2579 8377 5543 4399
41 1216 9657 6692 8072 2946 4628 1644 3610 7516 6371 9953 4212 4262 1380 3407 6627 9402 1091 2993 7121 7986 4695 6334 1597 9308 3464 6542 5165 805 1242 2822 9792 960 1636 3305 623 6011 3927 4968 7979 2818
35 7563 6530 738 6583 9965 8823 4058 2141 3746 4323 874 9435 9407 5896 1282 8645 8247 5949 6958 8438 8275 5845 9726 9281 7012 5606 8997 6242 8206 8078 1698 9775 8365 7160 8499
17 5758 4753 1831 8699 6863 2292 6133 9581 9333 1905 3560 1092 3742 1525 5580 8741 9520
34 2352 1776 6398 1323 6639 4868 7143 5001 1342 6678 2332 4664 4751 3493 4937 87 2229 3763 2932 4597 9378 8015 8466 3935 4273 3712 5657 9057 3728 4766 5142 9552 1575 868
31 1415 2313 378 986 6340 2519 1695 7576 6279 7088 4470 4387 9583 6519 739 3379 1140 1899 4114 1850 5145 8536 5 5897 7950 4158 1120 316 3922 5874 690
31 8343 7176 1114 9826 3469 285 2947 3881 853 3847 5327 2364 4265 9616 9507 3081 8299 7616 6259 3908 6949 9221 8180 756 1011 6301 5455 411 4891 390 706
25 2722 584 7716 3435 8548 3966 538 3731 6445 3216 7218 7589 3571 1197 201 4961 2433 9782 443 9834 7221 7404 1982 8556 9069
17 3557 4658 7448 2214 6466 188 470 5991 911 4730 6560 2367 2027 8253 6250 2839 5423
31 3054 7248 4776 5721 5164 8511 9030 4092 5104 1237 4665 7749 6220 8313 8279 775 1251 1224 9382 2178 4685 6801 5835 1946 676 9966 1468 3861 4925 6010 1950
37 2910 6601 3262 6921 9661 4484 5121 9310 5394 3180 2237 8836 6927 517 1579 7720 1456 4412 4082 7195 6272 7562 7639 3368 1578 7497 8358 2064 6335 9154 7590 4994 1249 3872 383 8777 3402
31 843 8553 3509 5054 5353 9526 9508 7340 1424 3146 2092 473 6825 5632 5186 2468 6602 8568 8200 3519 3521 6588 7644 6760 5401 5068 2509 5077 9206 5855 5512
39 7638 8643 9626 5018 410 7565 2652 4091 5783 1187 7944 2275 4520 5102 4749 1328 1520 2021 4486 2197 2505 4864 1179 5093 6195 7991 4638 2837 7868 9336 8881 1811 28 9958 441 143 5311 3350 5362
29 1625 9252 6172 3472 5892 998 1060 905 7316 4240 3095 347 9719 6313 1802 670 73 3619 9542 5203 8455 7520 4032 2011 6481 6249 6124 1185 8874
44 2802 8587 376 3989 9974 4939 3291 917 9949 3645 4473 6965 7288 755 4 5544 6810 9330 1631 9667 1728 2676 8733 2691 9905 9521 2588 9524 2953 7932 9414 4464 958 4243 9277 1953 3369 5494 7851 3275 2659 1708 6750 3617
25 7957 4848 8739 2080 9193 2682 9459 995 3399 3704 5610 4149 5078 3118 440 1172 6014 2609 7669 9638 6691 9568 2540 5130 4013
51 245 9265 5520 9068 6811 2999 2000 4854 4525 8454 2904 2596 2465 6969 4115 7006 4497 6149 6264 7342 6237 9785 7743 2398 3890 6440 9758 6369 2403 9725 8205 8714 9428 62 4618 5750 806 2925 6852 9423 4463 5935 343 8540 8467 7977 5456 8166 1080 5449 1207
32 9666 1827 2983 8664 1311 3646 9219 7810 2262 9697 4330 6187 1298 9630 5027 1957 2160 8410 2022 9031 5014 3418 1753 6552 7065 3489 1000 1887 5961 4292 5364 6212
22 8872 9596 8227 3362 9338 794 1915 4363 8126 6482 2550 4573 3723 1522 7405 5225 9413 7969 4218 4600 6524 8222
40 2304 744 2366 4659 7923 7900 9433 6004 2893 6485 9364 9303 4485 5176 553 4654 4238 1255 2763 5804 209 8051 6501 7527 6819 3006 6915 45 6489 5319 7128 5515 1287 593 1974 7112 5373 3533 2902 9759
34 9017 6070 3910 8489 650 9406 210 5495 6960 3278 3674 7334 8799 6122 6763 8165 1345 7701 7522 8912 1548 2137 6436 3634 7304 2864 1191 6611 3026 8232 6701 5791 7281 5125
35 8702 549 6677 315 2649 1617 8932 5221 6922 7027 9653 1073 9950 7455 1912 3753 7852 3592 1595 7361 5045 2311 7408 1591 701 9773 6715 9 3293 923 5354 9417 7302 8717 170
42 921 2577 9679 8681 3147 683 7557 1754 3581 6708 1884 8793 751 1752 6426 4038 1392 5238 1853 1469 9242 9008 7637 890 9208 9602 1124 4553 2063 2671 1373 3279 6084 4097 9399 421 6789 925 7888 3522 3020 8850
27 9166 3647 9441 5901 1587 3670 8675 8827 2643 5231 4847 5979 7648 600 5595 3642 2334 5108 9597 1712 2069 5119 1923 8375 7059 5110 4041
29 2777 2495 5017 6476 8316 7461 8995 5662 5109 7665 2355 641 6826 658 4134 9539 2766 2411 4582 8487 7825 9431 7523 9615 5877 5776 6289 3388 5416
29 3566 6094 1271 5169 8188 1789 7457 8892 9037 9963 4209 3454 2653 4287 3668 9868 8125 9994 9840 3011 8680 8058 3853 321 3825 3713 869 9178 44
35 9313 2140 873 3205 4028 8243 9869 9705 9939 2453 4388 7622 7793 8761 4784 1672 6261 3550 2636 7502 1502 6427 597 6270 5209 9493 2191 36 5485 2929 3318 6148 3284 8210 2878
40 6360 1933 5661 7815 9479 1983 3996 8576 7578 6808 594 8960 9400 6663 7207 8971 8486 7384 3391 5367 8170 3003 3839 9535 2075 2340 1876 879 8608 735 1759 5752 386 1296 5819 9271 8519 3480 5412 8169
33 8203 329 1878 1369 4820 8055 8886 7872 5533 8300 6525 9015 1501 2351 9809 2037 6854 2279 4758 1797 4561 743 8503 9403 2709 3336 8396 2389 8888 3427 9005 2321 2816
40 8779 7419 624 1448 3312 5212 6645 3222 7595 4221 1748 394 6413 154 4371 6393 6635 9720 6042 1484 647 2393 139 7802 6256 2341 1151 3650 7095 4398 3978 2582 2091 9536 5058 2103 5265 4049 2188 2610
49 5967 5356 5402 8010 7864 4274 8603 6683 9077 3531 459 3816 6312 6303 5153 279 1101 9053 4596 6924 7080 408 3058 3971 9484 8163 3698 686 4852 4613 3934 8089 8910 53 7649 30 9807 1052 1641 6096 5587 8336 3415 1966 8690 8866 8884 4531 1972
42 7320 2690 150 7494 5105 7548 4769 3145 7064 7633 663 2941 9561 2402 5970 2180 2600 7081 4792 7744 6675 4066 2057 9566 1647 6608 4878 7101 1096 1638 7265 6396 8045 8685 7517 431 8923 4133 6761 9711 6185 4203
37 300 9862 5779 7507 239 2520 3599 6531 2213 2023 9233 5064 9800 6574 4404 9349 2800 2539 2570 6970 4668 2553 16 824 7017 2001 7481 1895 2280 8740 795 1928 1383 2851 9172 1938 1948
27 4679 6228 88 3976 7078 8173 2305 4713 3732 5902 4605 1634 5491 4583 7922 720 1175 1960 5323 3062 787 6376 6088 5059 3945 5697 2750
27 9851 3990 6654 2415 1046 719 6742 2930 320 3512 2616 9607 3968 3042 4076 2430 7752 1621 1488 4771 5388 7074 3525 7001 6997 939 2200
46 9276 9187 9139 585 7774 5905 1002 5324 7513 2010 5251 1772 4170 360 2303 5329 1142 1419 6165 574 1760 6271 3128 7625 8461 8544 8301 9957 3417 5215 4599 2595 4294 9551 2035 3920 8 8185 9875 6872 9887 8424 3745 1825 1084 749
36 7309 3257 4386 272 2360 7033 6429 249 9424 4971 2831 2097 1883 3803 4744 891 9633 266 168 5343 4622 8418 8936 4900 4010 8238 2876 2860 3797 6773 1481 1259 5011 1952 750 7214
30 7109 8128 4309 8161 5106 3136 9681 4224 7636 6963 1384 6370 8473 6671 6196 4085 4281 695 6714 3856 4431 3909 1707 2991 6090 4047 5395 5842 9637 6390
28 4467 1874 1589 3669 965 6486 4736 7529 8632 3348 7055 5722 4634 8068 298 1173 3561 1903 1418 6998 6105 8538 1820 1139 9201 7185 6229 7011
21 3411 4196 3879 8555 6880 2418 7760 7210 5271 6341 163 6234 6204 8392 6954 7269 9990 5592 9669 5254 758
32 9654 4708 7379 1955 5635 6472 1762 5080 9485 4246 5716 8506 8689 5847 5101 4278 65 9408 9565 880 7025 9717 5269 2995 9004 2530 5696 8138 5476 3664 5682 2170
25 1465 6879 5070 9249 5711 9263 6946 5033 5281 6374 5612 7859 4210 5162 4681 6613 2897 4458 5964 5003 4445 2029 2310 6191 8001
27 3513 7048 5213 7585 3651 7425 8835 5517 7255 7312 523 9723 3424 2268 5183 9315 5442 6629 6138 8356 6203 8596 1927 5542 7008 1646 4883
30 5279 6428 4443 6634 6031 6053 3944 8338 9075 614 478 3532 1275 1106 1563 4419 1650 926 9176 4459 7938 7881 747 4918 4457 5224 5547 914 535 6775
25 7227 1436 6247 4200 507 4250 6648 9288 4050 3052 2846 6756 7076 1573 5611 2099 7029 8669 3620 2271 6500 4424 3543 8480 2770
44 4454 3841 7975 2795 413 6977 7086 2866 2338 4983 7364 3201 6737 4584 9012 5214 2299 3461 996 7299 7619 1517 988 7353 105 7324 13 1395 4381 294 3241 8256 9796 7540 7035 2226 626 9115 9753 2508 4509 5065 1043 1360
19 286 6656 8705 895 4255 6248 5756 8102 8815 1245 6972 4952 6900 3323 8780 7924 1940 7206 8825
37 2798 6660 7120 2472 423 3083 8951 7865 6884 2644 8686 5608 9757 1370 4892 761 2564 1581 9538 5982 3465 4813 3823 5773 4633 8369 4311 3240 3385 7514 7123 7964 9215 1633 7826 3987 6890
37 1655 7553 4282 629 2270 2086 1509 1371 8114 3759 5425 8924 7934 717 6236 3452 9488 4491 7558 3631 2129 9865 1400 1973 333 9762 2943 9373 9438 8054 7238 9591 9311 3097 8349 6477 5175
41 5090 6135 5335 8918 699 3938 6909 7445 608 6125 2602 8987 6459 2754 6026 3094 2542 5781 3896 4327 8730 20 8904 4522 436 5545 7450 7646 858 4731 4348 6496 3505 2286 9590 6534 1055 8057 2073 6533 1304
33 8661 6913 606 6388 442 1687 4407 6225 3782 242 2470 1766 9890 8140 3677 9285 2335 4035 8073 1673 1329 4124 4483 7300 3175 3520 7173 9849 9396 9606 398 9196 8371
32 5888 5907 4414 515 9611 9439 7257 393 8834 5775 6252 6920 741 1141 592 1022 3289 8081 5283 7163 3063 3440 3815 1127 4332 6211 2747 1290 4916 4922 5599 1939
29 9600 8478 5971 569 9359 9147 1238 8828 4395 5133 5695 1659 9909 8230 915 6170 8390 2148 6782 1180 2067 1544 525 4474 5705 3115 4116 26 3456
31 99 8189 7664 167 3168 8634 9817 1067 7401 3439 2748 7157 6093 7788 1241 5617 3304 4510 8647 1506 1001 4188 804 5707 5002 944 5774 7667 8267 5555 5407
35 498 6883 2220 657 1907 6197 4493 8492 9685 1430 8095 6086 9372 8246 8420 1485 5206 8564 178 5100 9426 9280 5755 9434 3152 7416 616 8387 1214 3863 5800 3844 5646 3048 392
23 4839 4829 5890 4657 9463 7240 5128 6097 5431 5660 3394 8317 6284 1061 9692 9048 9258 7601 1936 2152 8900 8196 8865
22 582 2718 7333 493 2156 3802 1117 1368 6523 1457 8283 4014 8245 6802 2474 1351 9587 2094 8436 240 8069 4186
20 7050 6529 1160 8734 9532 8197 685 2660 9713 6226 4722 8809 8776 3178 8430 229 8199 1961 8726 4778
36 5727 1319 1438 156 3203 9425 8869 1281 3467 5468 7197 2101 5899 6167 3220 622 7203 2626 4206 5849 1639 2231 924 855 5687 1166 3730 4417 4488 8217 9635 9677 9776 3110 3860 7509
25 6048 8306 3590 7392 2345 1449 9628 1580 29 4394 9112 1890 7132 8357 258 1168 9188 1303 8822 1742 9982 6688 547 7482 9916
33 8521 8346 2315 711 1406 1256 697 5240 2241 138 9513 7627 357 4254 721 4754 2230 6642 7047 3319 7367 8075 1437 8030 6488 6731 223 2627 8103 4263 1855 495 1288
38 2957 3101 3925 6859 4284 8806 296 5050 8652 9328 6089 1834 8985 6222 5980 4739 7901 1194 2429 2442 2437 5286 6143 79 5233 940 5760 1205 6837 136 8738 3658 4418 6522 5055 1336 792 5275
45 4794 945 1066 3197 1338 7949 7848 1475 6033 2823 8646 5433 1743 9664 2967 3361 5219 4748 8182 6025 3947 3049 4738 8320 7532 3684 2380 8459 4019 5451 4101 9222 2396 2423 9468 6499 3769 491 3102 7673 3099 9580 1643 7426 1562
34 1993 8882 3580 52 7495 2455 8533 596 4821 8894 9156 5808 8193 9815 7693 5748 3600 4167 3419 1246 2369 3250 7786 8322 1678 2487 8811 3834 7432 7577 4241 2169 8674 3346
55 2506 9363 3476 9183 8094 8007 9641 4331 7823 665 5262 2804 5243 546 6028 3420 133 1767 5170 2309 2199 2966 1232 7608 1420 308 500 3979 5473 5577 8993 1714 4182 6754 7849 6823 5309 8168 3045 989 2980 5374 7026 3004 5672 3087 2865 9942 1731 4729 8305 7467 7395 4269 7700
22 7352 4043 8902 6513 2467 7422 4549 5371 1423 1489 4372 4887 7919 6841 7073 226 4901 2689 6444 5563 8607 8802
36 2068 7889 8917 2732 7159 1560 2789 177 7629 4959 2399 2473 5866 8328 2535 4576 5291 9724 7339 7351 2861 15 7967 462 4677 6975 2573 1268 9343 8141 3690 796 8818 5586 7537 2210
31 9675 7451 200 5405 5628 8099 2852 6657 9603 6897 8586 8813 5298 1785 6650 9682 7069 7365 1020 3903 6614 7421 4432 6214 2349 983 1379 1645 7241 4197 4374
26 4807 3682 4138 7014 5019 5450 3701 4574 789 5143 8631 8225 1029 6758 4793 7592 3981 9643 5418 4000 1764 8957 6702 480 9296 7566
51 187 5951 4630 6942 4833 7551 3907 4104 8376 3105 1693 530 1417 9900 1607 1832 3867 5086 3121 1034 9825 725 5330 659 8522 9155 4904 2150 981 1154 9081 9368 1688 148 9422 2674 5443 5122 2624 5131 3950 6400 68 5144 4288 471 675 3562 5149 4319 4545
37 2576 7915 9121 892 9969 2497 1557 5453 3247 8416 172 8447 7222 9170 5389 8709 7140 118 3231 1243 8725 8977 2921 3374 7775 2607 5795 8117 9168 6177 818 1427 4042 4726 2843 7696 2163
51 9627 8175 1372 268 2008 3208 1719 6239 1144 5016 2125 861 5785 3843 9374 4055 1414 8442 9710 2694 5307 4710 7723 7449 4064 1312 237 2322 6061 7797 2045 9491 801 2565 182 6599 7308 2606 2222 9829 2821 5798 6796 759 5051 3886 2273 707 5685 5937 3858
33 7134 8955 417 4109 6912 6457 4970 6502 2742 5341 2250 6976 6002 4362 4334 9452 3915 4261 2945 6332 9123 6591 8579 3218 3500 1683 8765 2905 4402 5399 8091 4140 5035
32 3397 6716 2706 1564 877 2293 3606 293 2484 7858 1843 3913 4850 9537 1050 8505 4024 1774 9822 2235 8563 145 5667 2043 5703 5869 5797 5280 5454 3850 49 8012
24 9610 4336 9186 5771 3817 1273 9133 3029 4701 4796 7925 5202 7051 2807 5826 9174 185 6127 5942 4683 1730 4077 8558 4841
28 1040 6694 1715 6709 4720 3735 9070 8516 3030 9160 3050 6951 2061 1539 9436 7149 7992 389 1836 4361 17 1559 1064 8147 6080 6993 1599 5790
32 8212 3166 9649 2390 3073 9550 7277 3406 7569 290 3657 8028 8399 283 8693 790 4479 4846 8498 7315 1588 291 9088 2283 3662 7297 6339 6723 4570 6300 1086 3349
31 533 8588 1184 2183 6126 2365 5375 935 332 6395 5146 957 8903 4966 3510 4791 6745 979 5163 2066 4903 531 4480 6925 4707 9740 5147 8276 8523 2488 3000
63 1784 169 6695 5715 7499 1697 1491 8334 6410 4643 2012 5710 4585 4919 2154 5205 2560 9052 4718 6504 552 6162 6718 3680 6367 9190 3486 1727 7099 1523 1017 4809 5421 6277 3251 9016 5534 9126 8470 3217 4609 4408 5511 9703 971 6535 3497 7166 6685 4578 8171 6626 8859 7489 3969 9517 3526 4750 6931 6632 9390 3871 2208
35 3477 9320 9605 404 6202 8832 3673 9412 4391 8961 6784 1684 5636 7453 9842 6814 2477 7278 9418 3870 5328 5841 2301 5735 1076 4129 8363 7469 836 5270 8880 3021 4341 8789 4185
20 6085 1814 1845 9089 8339 7122 415 7747 8653 6455 8490 1162 9518 1108 434 4415 7658 5536 5478 5020
53 5751 8107 1065 1145 2234 8760 6633 9078 9260 1535 1943 4587 1889 5222 309 3437 3462 7217 2501 1511 779 4822 8763 4130 6326 6144 9181 903 897 3604 6764 3977 6290 2906 4098 3390 7423 2950 8428 3106 1818 4172 4737 213 2703 7485 2493 1549 5057 5926 1694 5939 7855
33 4020 5430 2792 7208 2963 3036 4709 1734 4787 3648 3271 1596 6932 9837 3384 4902 8181 1217 2726 4814 7939 8616 3954 2604 8551 1846 4890 1183 1339 4541 8535 3347 8921
40 1221 7830 3967 1299 639 3827 4256 9205 9370 3314 4063 1702 7998 276 3183 1964 3537 9793 2481 8627 8602 9149 1531 6609 7841 9688 1308 7452 3661 5720 4132 9013 3059 395 7039 1483 4490 5723 3781 5944
23 6875 5615 610 3758 6822 2696 6544 2790 282 8477 202 1008 9324 5562 2697 9891 3301 3679 416 4982 302 6955 3084
32 3988 9483 3233 5725 6406 6024 1918 6643 6961 9018 1148 6817 6573 3034 1131 2358 8005 8794 2447 243 1478 5986 5857 8479 9883 927 556 6606 522 2830 4779 3378
22 3574 9498 2320 8922 8537 1839 4743 7397 2428 8071 8824 1337 1219 4780 1230 3994 2794 3302 5333 1410 1808 9472
25 1875 871 6570 7948 2216 1330 5139 2857 4168 8312 7091 6941 6386 9894 4932 5807 7262 3113 8849 6999 2656 8623 3523 4554 7264
36 5976 9733 9171 7575 5733 2181 10 4496 6641 6121 6672 9836 4345 882 7546 4569 2460 2087 4199 4837 8611 7213 6082 3902 7839 638 3586 142 4817 3716 1161 7617 2249 6111 4393 1202
42 1867 117 692 7579 3057 7370 7167 3933 3921 6352 7508 5236 9352 9045 6179 599 2327 4594 370 6567 1985 9384 7908 6566 236 1778 1028 4425 6926 6577 6342 7981 8861 1261 7753 5458 4251 3545 1404 7869 4923 6302
47 4699 8758 8600 1995 3326 1250 2685 8940 8679 4682 6730 6930 4533 248 6040 7162 6861 4121 4259 4866 7805 8768 6781 3628 9132 4037 8807 3882 9545 7961 7714 4164 1016 9695 9091 4999 5956 7358 6052 5726 7111 3400 7201 7756 9771 9198 7603
38 5853 7009 1810 1429 1200 1603 929 8496 9264 9113 841 1800 617 9964 8033 8970 4667 402 6711 591 7887 567 7433 1648 4235 4083 9096 5487 5414 5588 1445 752 653 8744 1514 1558 4192 9860
31 4965 9072 7713 2533 8077 3430 7630 2302 6189 7139 6980 1111 2284 1129 1327 1236 1093 5618 1225 4934 687 9885 7368 7258 4427 562 4678 9827 2326 5179 2764
26 1777 7287 6199 2780 6699 5034 9973 9321 7479 3666 3605 5641 4843 3086 6653 4688 3937 2647 4825 1880 366 420 3609 3107 664 8211
36 4166 2432 9130 8446 3245 753 9645 8610 8698 8314 5757 1110 5990 2245 2052 9283 4960 1803 7790 887 2042 8093 8409 9025 3473 7717 7155 5683 6347 9049 9059 2059 7739 3535 6461 7980
36 7965 612 5025 5285 9207 5409 4742 8502 5856 8324 8644 7077 7768 5369 3339 7764 7655 8974 3777 1804 3401 930 5966 6373 1521 5840 9213 6553 9389 1904 7632 9309 7783 9786 8497 757
35 9216 9901 5116 3263 2278 893 9873 3567 9314 8509 9466 2737 2212 1030 1048 2065 4606 6968 813 5344 7488 604 5252 1701 3720 4669 5022 8636 9177 4620 8666 7138 1931 8939 2554
30 4687 633 5920 6293 9557 661 1970 5557 6003 1819 782 8688 8919 9247 5379 3639 9975 6589 2782 1860 6549 3328 4557 7985 9331 3724 246 322 955 8712
32 3196 5360 8268 4943 5995 7004 4227 7129 2641 4706 5216 5472 6047 2736 785 6268 8926 4198 3212 4033 89 5276 2391 469 1826 5410 9938 9120 6368 8847 7459 1653
38 7662 8697 3851 9795 8651 6346 4107 7612 5199 9797 5879 4285 9799 7581 8177 11 8944 6337 8858 8465 2201 63 6045 3244 2872 7896 6973 2968 2114 3076 274 4364 6700 8710 6153 1547 479 4018
27 9456 970 6916 4602 7525 1729 310 1791 492 7254 9085 2417 827 4964 4627 3597 1482 8639 807 4946 1798 5429 2308 2623 1732 295 5854
55 982 708 815 6649 5993 6000 9079 3308 5766 5627 4772 4513 812 9316 7016 7645 4021 7301 997 6617 6103 9595 2587 9555 7920 570 6790 192 2890 6707 2909 9866 6623 4956 3618 8037 6447 3734 4790 247 4267 1278 4145 4926 7349 2962 1244 7335 6458 7049 8265 4951 7223 8178 4296
36 7477 280 7440 3593 8989 2688 2558 2874 1537 9985 7837 8309 2559 2377 4888 6749 2375 3202 5107 2471 5740 94 7845 3854 1576 2282 7024 8100 5493 5629 3002 263 2880 3413 8280 8013
30 9107 1233 2385 7116 3659 643 454 8264 2974 2867 6735 7187 3320 819 4604 409 2680 2936 6894 6661 5467 771 8911 3822 3771 9024 2615 7375 763 3069
27 8891 8024 5282 4475 4128 6762 6662 7828 6680 7403 1381 7093 2440 3012 3488 2584 5247 4915 5178 9465 4180 5820 4697 9145 5474 7615 8154
29 369 8800 7875 9270 6190 5349 3660 8347 4202 3306 9460 9062 2028 3706 521 7177 2215 2632 4988 4616 3332 5759 8286 7974 7306 2687 2951 5293 3857
41 8737 1945 7266 3811 6765 3371 4194 9492 1097 1994 3524 3840 4117 7987 7971 1346 9912 8298 235 6035 6840 1781 9777 8796 8933 1711 7178 7466 312 9893 4368 7087 3835 7244 5936 7863 6295 5596 6569 4178 9876
49 5998 4920 1045 7070 7414 6255 7169 1583 1051 4819 3482 660 2526 6820 8597 9734 4173 709 6218 9658 9036 4440 1741 4870 8617 5013 8527 821 4350 5620 6451 512 1669 5210 2490 1990 2563 8288 2813 9808 931 5923 8011 4909 9918 2746 1956 9067 2224
28 128 3055 222 5744 716 3130 7993 5540 1032 3200 7792 4099 7127 9920 1132 9353 146 8589 7110 5946 9898 3627 3357 2277 220 8255 8797 8964
44 1178 6361 9087 5539 627 3474 5167 125 7567 4781 7709 6734 2093 7738 7180 9572 9752 6670 1941 6923 6862 3939 460 2699 8649 7067 8388 2081 8841 8852 2707 6568 8729 2870 331 2054 3273 9241 1901 901 8532 566 9294 8897
19 511 364 6799 3038 3381 8520 6120 2856 7098 3018 3949 6845 640 8307 9599 5085 1540 7878 2620
46 6562 1027 2613 3333 2179 4299 7063 6882 9805 2048 123 7246 9179 1723 2900 8427 2500 7755 6655 7777 3192 9656 6171 8583 1532 8746 8929 6079 8635 7596 9342 7034 5117 8352 6979 7688 6221 8567 5148 8084 3514 8541 2252 304 2175 325
57 505 5112 3785 6956 3499 9405 9161 5306 3463 1771 1460 554 342 1402 7776 5422 3948 6992 2884 1981 3744 7179 9475 8671 4201 8032 348 8474 8826 2791 3182 4111 678 5092 7880 4581 8920 4566 1937 8361 1566 9470 7573 9946 2753 503 7435 5073 9877 1893 8386 3153 7410 8152 8508 3172 1740
15 8890 9576 8615 5060 2899 1223 4297 3124 5886 1112 906 6776 3258 7400 2939
24 8773 497 9543 2171 9289 8820 5709 4879 2552 1049 9482 7921 7298 6511 7377 3376 6158 1665 1654 7836 9290 7899 6667 4556
33 1441 7475 8292 7952 3546 8382 2713 152 7141 3761 8214 7135 1635 2645 2319 3414 2738 3866 8642 9496 5906 1745 2076 7602 6389 839 2395 353 7506 7642 3341 4305 7766
40 6201 7243 76 3855 6404 3821 57 5948 6160 5834 5194 9284 9136 8021 9236 8660 5041 6038 8609 5862 8838 3345 3261 7272 2960 783 5036 4061 2466 4564 6282 6797 7524 1526 5320 7251 5198 7586 9747 3380
61 9306 5822 637 5160 1309 9729 3483 5235 104 3024 4477 2190 5996 6746 8531 6780 3133 250 7822 6987 1235 7211 1203 1470 6216 9001 544 1348 7740 5989 682 1965 6603 3974 5999 6507 9259 1212 4631 8988 9427 7734 3589 9381 3194 6586 3032 4955 6748 2894 8867 7824 764 1301 56 7906 4506 5714 7731 1134 2090
31 4842 655 8373 9267 672 8040 4815 3005 9273 1593 3760 4930 9899 9748 3511 2407 6593 3219 7674 1413 3075 9340 336 75 5666 269 9811 7702 748 2363 3626
41 691 5507 5663 7770 232 4938 1630 2085 4234 4452 7935 6939 4389 3565 3446 1567 4521 4894 9244 8303 8751 6768 6508 3412 3484 1253 2633 8136 9029 2779 6091 6117 5095 9446 429 5363 1347 4005 7597 1805 8877
42 1627 159 8575 3675 2720 506 3070 4397 2228 5079 8097 8781 3276 6411 5049 7442 2434 8209 4428 4936 8530 9026 9106 6584 2083 5249 9693 2725 1821 7827 7722 1909 7694 1292 7002 6311 5376 7183 1865 1247 6944 1507
51 1873 4270 7041 2920 9914 7750 2803 5818 8440 2603 6119 8979 3541 8367 6587 2126 1637 529 8027 3894 6528 405 865 5200 9080 3331 2002 5097 2848 1854 8034 485 6136 667 7022 426 3356 9818 5504 2221 8429 1044 6465 8488 1976 2267 1006 859 4354 4783 797
39 3009 7043 1692 6110 7383 9927 2841 5525 5308 399 4508 6437 8584 4831 2562 1675 2120 6556 4800 9490 4517 7745 9212 5447 6658 5253 2317 1929 4462 3683 8350 540 51 9448 5659 7441 4120 270 1881
25 9462 3629 486 6904 864 7071 6582 3986 5008 5498 7947 3490 6066 3926 6006 2186 9699 5127 9519 4700 1274 3837 3791 7343 8468
37 6150 9409 2426 2443 3299 4051 9620 3190 3544 4515 8277 2525 7406 9134 3598 5801 5843 5689 4528 8437 1671 3315 3309 4577 1841 9783 4422 7058 7818 1152 5459 973 7184 5987 2196 1254 7611
38 9864 1031 326 808 9881 2992 9859 2233 5777 4307 2438 1079 9625 1170 7103 8899 7684 9093 2712 2414 5922 7782 1389 9095 1618 9204 5066 7032 2679 324 4976 9332 6074 9906 7219 4803 3528 8684
49 1550 9137 8585 677 3572 3579 5860 4767 918 6752 3436 8560 7891 9319 9033 3383 7580 7807 4806 9932 1149 4927 1677 2824 238 2117 5435 1958 1967 3747 6357 341 2246 3997 7721 6030 8772 2988 9971 121 6423 5397 6619 2456 6146 2518 4321 8980 6193
36 2538 5256 9027 6877 8816 5622 1963 1997 5357 6163 1036 7273 9631 8391 9278 4646 1733 6821 7321 7220 6380 3447 2956 3568 7137 8281 1971 2032 7853 8515 7068 2666 4741 976 746 8648
30 9886 1227 4921 7916 8162 6184 3027 8975 2005 379 2207 3409 3709 4824 6217 8083 5910 4146 3923 8986 9148 9063 5446 9371 5207 1226 5607 8770 5753 3458
38 4094 9307 1601 4855 4526 1620 9421 23 7710 7609 3366 6597 9163 453 4674 2771 6788 9458 2416 9111 5681 3702 4295 2985 6065 919 6468 6310 5398 8756 729 4672 4670 2276 5029 2300 6073 9476
42 3108 3445 1005 6021 2386 4856 3239 7409 3288 1998 5552 2040 6705 6800 9292 848 5061 8025 3798 275 4360 6180 6267 3876 116 520 5928 7955 551 4456 6343 2347 4896 8947 3892 6637 3274 9937 7036 1552 5150 4271
53 802 3601 9291 3016 9691 8351 1355 4328 3479 5387 6772 5743 6532 2168 4507 1094 2189 2635 4453 2842 621 166 8252 2151 2585 9945 4304 1980 4827 9023 4558 5385 6345 9419 3688 1696 5053 810 9217 7 844 9533 8423 2202 632 948 6847 4886 9931 6494 3727 3189 4315
47 2912 7072 823 4217 7902 6219 2903 9511 5938 5792 4086 1434 6130 2915 3169 4607 8186 365 9570 5527 3991 9728 6550 6824 9480 96 3295 4535 1210 6068 3799 5337 7294 7531 4007 3116 1196 335 1807 6383 4680 6017 2046 1099 5585 3638 1577
35 1609 6741 3051 5089 3672 4248 7840 4652 7843 2601 2105 7804 1264 2260 2033 4161 6375 4155 4053 9297 1796 9074 2942 2801 1868 7600 4504 9334 1751 1118 5865 4671 4538 1495 980
56 3607 9020 5497 3373 6757 4276 6809 5566 2079 9262 4347 1220 8261 2206 6336 1984 7698 3434 9696 7486 3363 8814 705 7274 7470 8315 3518 4893 5746 6027 8433 4338 5728 8871 3195 1098 9125 7927 2392 3594 9940 966 6844 7681 7832 5568 9131 7413 8405 7131 5972 7390 8517 6354 3899 8925
21 5381 5649 646 3157 6579 374 3160 7108 7015 2062 3818 2638 4871 2014 2239 3824 1158 651 4540 307 4861
27 1313 1922 3691 9961 1747 8935 2637 5503 9613 2107 4727 3999 5211 5292 3552 9928 4527 7046 2532 3227 4367 1442 8641 5616 5342 737 2463
26 5764 1869 284 2436 6062 2979 1512 8342 225 6868 7847 9803 8153 1787 5257 586 5648 8278 7402 18 9391 3687 2475 8451 3637 9639
31 9952 5829 6128 876 2797 9411 9449 9547 2805 9235 5123 6471 6966 2885 3686 1262 9275 3080 912 985 1426 5590 1385 3641 3171 2833 731 6964 3643 1788 1083
20 8086 7444 6857 6856 2883 3717 8539 4105 6442 9182 9845 1364 8326 9103 7344 978 4719 3344 6869 4755
37 6851 1757 3281 6381 3549 3249 7866 3164 7550 8728 4947 7737 6129 2614 8159 5228 1710 4423 2024 3506 9856 2730 5831 2285 7871 5439 3455 959 4551 7835 1858 630 9878 6330 5273 6448 9650
22 1159 1169 2515 458 9337 2370 8031 6276 6659 9933 2264 412 2131 545 2265 5318 5594 2337 4812 4563 6112 2257
30 2986 772 9744 3170 2835 8023 1668 9820 1033 2592 9239 3230 7931 1765 2372 3141 5120 8172 4728 3248 5793 4660 4373 6049 3942 8120 4275 8554 7189 3836
37 5516 3845 5124 7727 9046 518 5655 9556 3451 9237 4686 7188 1104 1388 4034 1352 3395 2383 3135 4123 5152 8562 6037 2611 850 31 2034 999 3995 1824 8870 6104 3591 4568 7057 7283 5244
43 990 1613 4093 5500 273 8798 5541 175 5579 9039 829 1840 5182 4692 7245 3068 4979 1059 7656 4690 4213 5154 1870 8750 3814 228 6732 7136 7473 7893 5863 6266 595 6238 5591 5918 5408 5652 2914 2030 2253 2888 8775
41 4139 194 9469 5466 6132 4696 2657 8435 5400 9512 4045 8370 7874 5351 2039 7877 5187 7903 6009 9157 256 767 4835 8250 4430 2047 3142 4176 2971 1886 7354 4030 7885 1015 9415 4905 9056 8132 8943 3985 2211
42 5440 9514 9003 3616 8213 6903 6871 9847 6422 2924 7799 9195 7515 1181 9553 2020 4906 8909 3085 1862 2799 9632 6182 1018 8296 6308 1025 9716 9816 3449 4009 5805 8638 4416 2812 3098 2371 6981 2098 6350 1848 1425
43 3112 4601 2167 842 4342 5560 4376 7209 91 6727 6123 4636 2765 1838 5668 4478 6697 8856 8425 6043 4420 8743 5378 9853 7412 4290 6666 4108 334 7439 3880 255 6991 131 2922 3914 2427 9668 2185 557 6273 8582 2130
51 2571 9888 9138 4080 6262 1453 2838 4437 4171 5955 9254 9665 7545 8008 6443 7327 7199 6046 7582 8801 9129 1068 5415 7583 5878 3912 9960 8218 7225 2336 6878 9941 6469 9690 5063 5741 3165 3569 4912 176 1467 5789 5927 7676 5195 3820 371 1570 3671 8507 406
28 563 2528 9101 6950 9457 8879 1856 8049 5411 1761 114 5171 7511 2743 6328 4543 8092 4519 5814 4040 1497 3422 6317 1574 6676 6364 603 2441
18 3809 7113 2769 9636 9763 1977 3149 8572 1623 5103 5492 2128 4339 7560 8330 7519 1085 5825
31 6843 4875 8062 6438 4544 4084 6265 8450 1872 2187 5600 4266 5809 3893 4411 7547 6974 2448 6928 4413 7672 9432 5633 642 4057 8174 9589 6113 6258 8311 60
37 1815 6982 2578 7104 3667 9127 6551 2700 2405 9073 6275 4830 7942 3307 1177 4073 5241 1458 2858 5383 8963 5556 9660 3007 2834 6886 1153 3711 6543 1300 3043 3441 1056 7350 7559 5461 7820
40 9988 8259 8984 9774 6515 7114 9769 5204 1182 1505 215 2761 1749 2102 8735 1877 338 7729 7331 1782 385 8039 7757 5963 5076 6433 5561 6194 803 762 9955 2287 1898 4268 2628 2227 8340 5390 2618 9034
38 8559 1604 6996 3104 3177 2744 4801 2205 3426 1042 4016 8878 2425 4353 363 4252 6967 6106 5872 4651 9787 9223 4242 9094 8202 9440 6827 9746 5355 2933 9739 7898 8907 1758 4759 3780 8443 5631
19 4704 7092 1123 6173 5614 4017 6620 5827 524 4465 3788 8088 5513 1536 4230 7641 6795 7951 2038
15 7657 607 872 8803 2556 2760 7490 7631 9929 173 6387 8431 337 1474 6527
30 8945 5177 8198 7572 7190 4661 9640 8219 3225 1500 5893 7544 3161 5331 899 4495 6075 3243 8604 5427 4100 7096 8460 1616 781 3287 6018 4650 6051 3984
37 920 7862 7683 6805 9694 5082 862 5521 7726 5678 7237 3089 5675 3946 5729 481 8164 1321 2328 3756 2452 8475 6738 3123 5396 6366 9453 6778 7021 7326 8295 9646 4211 3353 9515 1569 4383
45 2015 3951 2783 5584 1667 9812 9274 9855 6865 7232 6906 8593 3498 6478 4219 8408 6435 1676 3736 2994 5118 4804 6889 5642 8041 5921 1053 2817 974 8060 6866 2719 834 1063 3695 5736 6401 1859 5778 2724 3335 1809 7708 4446 1662
27 463 1529 4537 8462 8787 9884 1685 5289 8937 7690 5038 1316 7680 1314 5876 5836 9323 3936 7781 3019 1739 4122 4785 465 5916 8372 5010
43 1598 377 5601 1864 2424 3862 689 7679 7428 8691 9226 2566 102 9151 4048 817 4447 1121 7474 80 7785 6205 5832 7462 3714 2136 6318 2708 5718 953 7618 3932 2095 9351 1403 9066 4530 7526 4518 7795 5030 5232 635
31 6686 330 7570 3873 4550 8085 5172 8378 9871 5554 292 2295 6858 3895 244 2996 6157 6722 7829 3930 8550 7142 9727 3485 3078 766 8927 4401 3264 6490 8269
40 2729 3740 8708 318 5201 6962 961 9778 8236 3846 993 9051 5887 9904 2855 3807 2889 2459 6421 1382 5519 2149 1738 4498 2281 3573 4487 3228 5196 8144 7564 2162 5985 5345 7917 2243 831 9522 3140 4501
43 4511 9375 2639 141 7418 4289 5380 9863 2927 9823 2217 9347 3375 98 4882 2121 7982 863 9234 9987 9546 5881 5428 5267 6815 449 2256 8208 5026 514 4694 4595 5372 6497 77 5706 3367 9257 2998 2361 7083 9061 526
28 4623 4565 9976 1222 8804 2640 9506 6263 8965 8896 830 4293 2793 4027 7313 9730 9850 8724 6434 2342 1164 5404 1019 9577 1082 2521 9339 12
22 3527 589 722 4439 3755 884 7097 9732 8135 2132 4666 8344 6297 5391 5981 6391 4853 1440 7809 1894 9329 5549
42 8783 9995 3386 8310 4078 3103 4579 3739 1911 6538 934 2489 1069 7549 4645 9704 7292 9299 1310 64 9322 1353 8003 2240 510 3916 8043 9745 1284 6899 3355 2655 1391 3928 8613 4725 6592 59 195 5811 2845 8131
31 3830 1240 8133 1447 4352 1503 6067 4302 2232 5305 3578 7724 8549 889 2236 3813 1717 7338 9911 3144 3290 9756 2161 6598 4993 2100 9227 6417 8949 1136 8002
40 2296 6081 4071 8620 5569 6728 7363 9202 5087 4349 671 2928 6215 5684 8628 857 6893 3044 883 5945 7381 7761 9494 8331 437 791 3260 1350 3031 1962 4763 7311 3700 6990 2728 8022 8137 82 9058 8942
41 6186 1386 3632 9698 715 8146 3743 3958 2829 2482 7769 8233 6316 6625 1376 3443 1842 2938 9835 4621 4503 4229 9327 8574 7539 361 8260 8696 9086 234 6107 2172 7165 3093 7216 6918 1837 2329 5499 6919 3033
25 9913 6860 161 4997 6575 4761 3570 7984 3710 527 372 8190 8529 5166 6571 3174 5810 2483 5992 2419 870 8385 773 9326 7989
37 1528 5602 7040 3772 5099 8720 8591 9684 6484 6572 5911 7890 8873 1756 5444 4714 4137 4786 3342 2557 6938 4067 4962 703 1606 6835 5977 3576 3327 8457 5787 21 3665 8337 3588 9608 3884
37 5445 5799 7150 9935 666 987 1324 3039 3707 1272 1768 3082 7598 8748 4642 2044 6540 1891 2362 7591 9040 5096 8074 8504 1231 6733 5261 281 809 1792 7393 3423 4598 571 6518 5960 7705
53 5535 435 7685 5522 7357 1305 6848 9209 9218 4143 1783 4356 4225 7735 9362 3370 6888 4008 4502 4895 7118 6896 8723 7670 6712 4514 7286 1077 4740 9143 2017 2955 9385 9857 5220 3764 8706 3037 4619 1103 407 1291 9802 2333 1128 8972 5677 4103 4641 9567 7053 845 2318
33 6957 6039 66 2869 942 1047 3875 7117 9972 1769 4539 4986 3649 8695 9687 2567 2702 4571 3924 6253 2868 8618 4859 8482 7247 3109 4862 8755 7252 5749 6479 6766 8122
47 445 1109 6710 3693 7654 3992 9224 32 9357 2478 6307 100 9874 4062 5609 9671 4816 6076 1133 3132 7856 9984 3433 6813 7883 7605 9420 5310 4039 219 5558 5028 1439 534 6260 9673 5419 6770 3956 4972 5413 8183 2219 1704 8887 2312 8528
26 8149 2781 941 4973 2176 9923 1455 2622 7360 2159 1122 9019 648 9014 6100 8400 1171 6673 9261 373 1490 9721 1822 4897 2669 8036
20 5359 3325 4214 4355 5597 3292 3028 174 2088 8493 7534 8753 5141 6384 2376 5471 8235 5334 5174 2516
34 8855 476 106 7191 1553 7148 3952 3316 7958 1340 2139 9185 2808 9300 6446 1451 6546 8916 991 3554 7386 2827 9560 299 5135 8341 7842 9443 3612 132 2976 662 8053 6693
25 3444 9619 3176 2244 6622 4245 3389 9042 1333 3957 2192 8393 1652 4441 9755 7706 7170 5223 2177 158 8701 8561 9895 7784 5988
37 5994 6298 4907 9272 7857 9054 2026 8325 9861 1443 2354 9672 1629 6372 6452 4365 7712 6064 9525 1365 7295 9767 8304 2408 4472 3131 6539 4142 3242 4451 6464 609 4931 2814 7834 231 8333
41 7554 2634 6885 6418 4471 8444 1681 8626 5702 8621 5523 8134 9383 7415 3783 3450 909 4552 2353 7803 5312 7480 9105 5846 4676 7897 9592 3766 9622 6948 5630 9430 86 6721 3255 58 9317 8569 2307 5046 4908
46 7999 4119 2060 3603 5193 4056 1518 9852 6430 2686 5465 6244 4125 6713 6168 5680 851 7811 1812 1454 937 2733 5322 6140 9832 9516 130 1857 2203 8898 3874 1585 8495 4444 1026 1619 1089 401 149 6257 472 1510 6492 1602 9499 144
21 6397 3475 2486 5250 1706 4052 2184 1416 580 5190 2654 3071 1087 7359 5883 628 9642 5688 7042 108 6099
36 4693 4653 2934 7594 9194 4429 8650 1584 6020 7779 9128 5686 7861 7650 3425 147 501 1396 740 3636 963 6283 8571 6640 2194 4860 2339 3280 5859 710 4216 7126 1951 573 8321 418
48 1090 8484 7911 61 1527 1600 6050 9738 3640 5701 9707 8915 3697 1248 7389 704 4410 1317 3551 3800 1504 1037 2705 4703 1896 5188 260 1924 5574 9114 5132 1115 490 7115 111 4102 7697 8374 8577 8398 6405 5673 8404 3943 2773 1137 9781 9854
45 5042 2531 6116 3459 6537 1315 8694 1409 3466 8791 9951 3768 9621 1516 2580 7119 9416 9634 7666 4832 9065 1463 5882 1493 7765 4797 1682 3538 555 5691 9243 2394 1405 2446 2739 910 602 9266 1479 160 3238 1095 8216 8941 9766
27 3770 7296 190 4150 742 8981 6269 1143 560 2164 5958 9770 4711 2324 7773 5509 5747 8790 6506 2825 8110 6505 4160 6895 5788 3929 1277
39 1979 484 4656 2917 122 3584 2849 9761 1102 7446 6674 8731 4914 7628 4826 2006 9892 8759 3726 3266 1471 4318 2124 7305 2631 450 4375 3277 4592 1358 4075 3819 2701 6019 1658 2019 7472 4732 1150
32 7019 1954 6940 4226 7013 8063 8524 3918 7660 2898 8580 8678 4081 3053 7411 6651 8857 1354 8472 8052 344 9302 7161 6092 8355 5796 4236 7424 8581 4157 5731 9203
34 303 5477 4469 2569 3754 3040 95 6833 2751 1632 1608 8805 2667 4159 3784 9268 3963 1472 6174 496 5129 6071 2811 673 3254 2658 9248 1116 3324 2786 2238 5266 3812 1306
22 8969 349 3398 8711 1959 7512 6536 4499 8831 5263 4006 1746 6747 7543 3582 4400 7362 9007 140 9210 7606 7192
37 3891 1674 734 7380 2568 5304 7613 5181 93 5386 8401 4141 4409 4608 1709 7385 5438 4187 3010 1156 3372 1487 466 2575 7538 2294 1366 9749 3184 6853 840 2409 7175 1801 5111 391 8098
36 1335 2675 1332 922 8848 3789 22 7587 278 4382 8422 7463 3148 6905 6605 4523 2723 42 9228 2776 8851 317 8242 2757 1703 7819 1229 9529 7158 8354 7154 7831 7996 2492 1408 224
37 8412 3748 271 9917 714 5650 5365 7521 3621 2348 4705 3826 8990 2711 6251 8421 6887 6041 4280 2378 9445 4929 6286 9674 3303 7204 7356 184 207 8592 702 5974 5676 811 5745 2165 6419
39 1494 9870 189 1138 9110 3786 9473 8360 6558 9035 561 5510 645 5300 4126 8928 4370 2072 9282 9983 2681 9071 1167 2195 536 7990 7107 2716 2435 509 3234 6233 5346 3448 1661 936 828 1204 587
24 2507 2651 7174 2589 4867 5941 7960 3955 313 9760 7736 1737 9839 1533 6687 6230 548 6063 7635 6416 8752 3111 8047 1726
35 433 9824 8064 8844 4313 3585 6083 4954 6618 1828 8494 9165 2153 3127 4851 8359 6744 7730 4015 2734 2158 4917 4190 7607 4765 3226 3719 6612 7604 7976 70 8966 2755 6022 5873
26 9947 3410 1267 157 8194 5091 8368 4644 5692 3983 1498 6299 7959 4461 4752 9142 2895 5015 8757 1813 2458 2785 2251 7215 9977 4156
38 97 7941 7913 9564 2089 7668 949 419 1735 3167 2041 7236 9255 6379 7647 4359 9791 2259 5823 3416 866 4524 5940 3209 5489 8076 8983 9047 5931 8700 8221 2704 3613 5248 6278 1038 2410 2862
30 6078 7171 241 5457 4935 277 1986 3025 8112 8715 1524 7661 8876 8291 4756 2016 7420 4036 4025 112 680 4721 2498 1165 8906 820 9119 8501 8044 1718
45 6206 2108 2536 4031 7323 3122 5192 6783 4885 6077 543 992 2123 186 9305 467 1072 6787 9345 5933 1679 2078 7715 3079 2717 838 7018 4079 4702 5768 1851 9502 7106 3725 5637 860 7973 9387 3558 4747 5024 4760 9794 5538 6690
33 214 9401 1830 5838 7870 5237 9554 8157 314 8788 7794 5009 5180 9790 9450 1626 7542 2413 1279 6432 3577 8109 8754 3831 1397 8082 9369 7038 6007 669 611 6246 3931
27 5548 1294 8578 2357 4555 7994 8101 9926 6235 5573 7812 9810 2449 8293 6425 8829 6937 5742 5288 3405 9010 1925 8195 3804 2223 2964 7307
39 6652 9229 5208 6280 1605 4724 9116 5268 5227 5005 4559 2084 4805 9122 4828 9173 1265 5114 8864 681 5806 5259 770 2572 4106 2541 9344 3298 8130 1147 6176 898 4215 5973 3787 1343 124 9993 9312
27 7429 3471 8665 9341 7398 6377 8050 9043 494 3888 8266 5229 3842 3481 7130 487 3575 8129 1991 620 3214 3624 4442 2055 5296 1377 2617
33 4059 1664 5699 9838 7894 5559 916 5218 1561 2828 8534 7407 7663 7873 457 1208 8590 1640 2871 3365 5258 1450 8151 3143 7758 2070 3998 4165 8658 7772 5524 3204 6828
24 4969 5603 1363 6804 7224 8968 3602 3796 1988 6681 822 618 1344 2608 2450 452 7382 6175 9700 3125 8453 2664 4286 5848
33 5299 5803 7465 4346 9998 6803 5297 9680 5983 6001 4770 5698 1078 8952 9789 9083 253 9064 2598 6929 9108 5242 6183 7541 6344 5613 6095 7478 4991 6769 6917 9454 3035
20 8821 1949 5352 7926 7153 3119 6630 2110 9750 5272 9708 5885 3207 1289 6725 6152 5325 2926 9404 4023
23 9996 3358 975 3678 1176 3696 8287 4326 3210 3137 6449 8116 4179 3013 5645 2775 6585 9200 2727 5368 6600 7953 954
26 5713 5023 1612 9813 2106 4096 9709 6563 4782 6424 7763 3321 1916 6224 5780 5277 8491 4434 3460 8381 8223 3162 7239 8384 2961 6870
34 3793 1888 2464 475 6156 3964 9598 368 3092 1921 572 5464 9478 8766 4529 5529 9594 9169 9741 9562 8241 4436 37 5315 5290 414 1987 7789 4392 7202 9558 7371 3014 8594
37 4980 1930 1910 3067 769 3530 3129 2135 3596 6493 3351 3047 8192 4300 120 8742 1499 4562 9584 2514 6114 1770 875 972 7060 9367 3352 5191 327 3387 8090 7084 6867 6959 4022 1892 8123
33 5690 8774 9623 9050 6292 9287 6359 7643 5582 4534 4384 8547 8662 2254 4798 5565 6561 2555 5871 72 6774 7905 6510 2388 1070 885 4272 7054 2218 9936 1720 7767 1829
27 565 3608 2975 7366 5496 6407 8719 5006 1920 4957 5567 2990 1394 4482 319 2778 6726 2873 340 4715 8270 4684 3151 5930 8119 5817 3064
40 832 6512 8471 6580 2479 2513 5915 8362 7895 6412 8148 2788 8273 6638 730 384 9175 9948 6503 7275 4974 9722 8668 8633 4343 878 6057 1926 7963 6554 5338 1361 3285 2940 6986 3237 3322 7533 8837 2650
22 8510 8830 5347 9563 3540 6517 4840 9500 4131 6209 7082 3211 5528 2970 1283 5075 2677 1157 579 1919 9354 5828
29 24 8938 8229 3859 483 5161 8042 5287 2 7614 4877 8004 7061 8335 9801 9534 2901 3738 4466 6315 5432 7751 3126 2593 1435 7978 1462 6087 3883
20 1013 7282 7430 5358 428 724 5929 9821 9954 4317 8254 5197 3056 5965 977 7233 3286 644 4492 9831
48 3765 2077 9701 92 6392 1257 2665 9879 4044 7156 3442 6739 41 4889 8118 947 3267 8542 439 7988 2661 2982 1357 1656 2952 8817 4663 43 8930 1130 7260 7505 7200 227 6838 2630 38 9841 9117 3587 9604 1362 5115 6876 9765 2113 4310 9211
39 2673 2972 6329 8747 700 3806 2387 5769 4088 5234 4481 2919 3428 6647 2071 1902 3364 8056 3282 590 9386 432 1885 3676 153 7303 2157 3296 5644 7348 9356 7530 8810 3718 430 9970 8948 4308 5575
28 5113 6794 3542 9980 3404 7147 7010 3 6777 9376 6059 7687 4698 3663 230 7062 8289 3232 7796 9582 5638 8846 2258 6616 3504 2145 3492 4865
21 1010 5700 5969 306 5366 4264 6178 261 9655 7588 2274 969 3595 3001 8476 4808 736 1285 1663 5508 8612
31 2774 3900 6402 8833 7346 7498 1432 2485 4874 1266 6873 5502 6832 7500 5952 6557 7626 652 7023 2756 7437 6720 4640 8017 8096 3283 5665 532 6314 7725 4716
33 5719 896 7704 2359 5406 4910 9150 4775 3017 5605 50 85 814 1571 5656 2745 4060 674 2104 468 358 5071 3046 4183 7886 4357 4237 5924 6032 5551 4649 5264 8677
25 9102 2247 4151 8956 2511 1201 5245 2891 6898 550 4863 9167 5483 6054 2401 47 9442 4949 5975 4626 4118 6358 1378 8113 9736
21 4940 7535 6831 502 9718 9925 7599 3181 3904 2031 3297 9293 5081 9232 6325 6665 5571 4580 3898 7742 7235
26 2731 9670 3622 151 482 1012 6056 2248 4913 2935 2715 9360 8640 7510 218 7388 4590 1849 8931 197 6294 424 598 3408 1258 9922
30 1790 8176 4344 387 5824 7085 4070 4975 9528 2503 4992 904 9715 3865 733 5326 5074 6636 3808 5589 3953 2422 9279 8860 2003 259 4567 5392 1359 8441
23 4377 3564 6771 1568 4136 774 8406 2973 2758 846 2323 9022 5909 2431 83 3961 8999 2445 6779 221 9380 8215 2625
22 726 2384 7571 2058 4003 7675 4433 1024 1519 6287 9872 1163 4175 2454 6460 4069 8716 40 7918 3259 2494 1473
34 7102 1565 6450 9768 5962 193 6839 4153 1269 6029 2590 6198 3354 69 5670 2397 8426 7695 3495 3470 7124 6142 233 5278 5765 1649 7838 8657 4589 9683 4500 9253 8226 2373
37 8703 713 444 328 7876 3270 9192 5598 4505 1556 109 1081 1412 956 2619 6240 2146 2997 8445 4312 5738 7484 4588 8514 5185 5403 765 8318 6604 9659 7652 7800 8463 2772 4542 994 6487
18 6319 6952 8795 3655 3138 474 196 5417 3539 8992 1421 2583 1795 1058 7733 5762 3507 5294
34 7640 2949 6901 2297 254 3885 8962 6008 1211 126 6013 6842 198 7231 8673 6989 6719 9934 4001 9395 6798 2420 4655 6232 162 6628 1882 8764 7378 5126 9486 1195 6576 9999
25 400 6296 1422 4733 4011 5851 5083 4560 575 7703 6408 8481 9245 33 1590 5732 8500 528 4745 6394 5173 1906 9614 3611 9250
30 902 1543 8637 2451 6155 4857 6751 4110 4195 9141 3681 2350 382 1793 3832 9743 9651 2118 9617 3917 6891 9251 5246 3229 5772 5506 2908 488 4239 438
32 3778 3692 7493 8290 8434 9549 6767 9968 3393 8104 8155 1914 9571 6908 5158 6615 5040 5094 199 5486 7276 5852 8469 3810 6682 6231 6516 6881 4448 9601 1642 8201
23 5043 6403 9393 7045 4546 1466 1515 9830 9882 826 9298 9991 6213 7284 3919 1806 191 2810 4438 4325 5302 7242 5884
18 3156 1492 422 3317 8407 1349 4279 1996 4591 4777 1690 1135 2762 4329 7369 6351 9910 2529
29 8207 2174 9544 3193 5761 3653 4967 4223 4260 5737 9000 2127 6151 2809 9541 346 1513 6243 4177 1713 952 3343 7336 7946 5316 7624 7079 3158 7568
36 6327 1755 7230 3403 847 2599 7677 1054 2684 375 477 9505 6137 1393 8439 9246 5336 6846 2621 6320 6646 5754 5640 9135 8415 7754 1969 5912 115 9162 9214 6166 265 6291 9461 3941
29 8518 8020 9225 4849 4489 7263 3272 7555 4950 732 180 8403 5957 9662 5484 7689 5007 6945 3757 6254 46 4547 5767 8771 3268 1280 625 4191 3633
32 9394 4838 7066 718 4228 1852 4314 1871 403 6498 6816 6565 1260 886 5088 4899 9902 7271 2948 9578 2263 6590 9908 564 3100 5564 4963 1611 7044 9714 2752 6995
24 4455 6409 3453 9002 3722 9495 1835 3790 8566 696 5189 351 5844 9706 7417 5469 2882 9867 7909 1088 2819 2683 8839 7261
31 8546 6134 6356 7172 5816 2981 8656 6473 1193 8228 2523 8889 7145 5532 8901 8009 267 4712 4629 7330 7748 9379 9041 1786 8769 4945 7518 8552 7954 6631 3185
32 1541 2944 4635 7928 1863 7884 9325 4421 4933 5514 541 2444 1461 3583 4989 4858 1592 9930 7226 2668 2875 3751 2510 6118 6147 9585 4162 4403 1074 2182 2255 1615
24 7198 943 1276 297 5012 90 2036 7090 4876 8512 5651 9779 6415 8263 2859 9962 3556 2004 3382 8727 1014 5361 5850 9915
32 513 119 8782 9737 9497 354 9481 3993 3340 2784 4072 9335 9978 3432 1105 2740 7914 907 1125 537 6223 3563 3235 3852 6454 4995 5546 1390 110 6545 784 1174
18 9523 4648 5332 8670 3360 1239 2854 7504 5526 5770 2527 287 5623 7396 323 6988 5669 1452
28 5712 588 4717 9348 1189 7879 849 8982 2543 2404 9038 8419 2916 728 3392 9510 113 4512 3805 5004 727 8456 2013 4231 5448 4333 8000 3762
32 4637 1326 780 7995 7801 3973 4233 339 5880 4207 1407 27 4762 951 6786 8843 7682 7574 1297 833 7256 1198 2892 2672 7492 6785 2331 9903 4818 4911 7268 5953
24 1992 5868 6188 1844 8187 516 5021 6431 2025 3501 8297 5052 2290 9924 668 9092 2911 9501 3959 2844 3023 451 5889 5531
29 8630 8854 3547 1062 2907 7234 3236 3429 135 6420 9388 6483 9629 542 8958 856 8105 8142 8127 6475 1307 2574 7707 4369 9618 74 6753 1035 5370
34 5583 3253 5032 9164 9652 6474 9104 9846 7341 9806 6971 2551 1833 1861 6818 5301 9819 3553 5724 1464 9191 2969 9098 9943 6874 5168 1651 4152 5830 7030 8240 3179 8959 8895
23 208 8875 3635 8332 7610 4154 3685 1610 6015 7436 8913 8663 7854 3536 9021 712 362 5062 5463 8389 5157 2836 6285
21 6139 5875 1538 1555 3615 1218 6983 9992 3008 1496 5959 6679 7780 3159 2561 8845 367 8570 5925 5943 5067
29 6807 8158 4788 7434 6098 649 6806 7759 9731 7471 3377 1700 6164 800 6338 7699 1913 1897 2965 2496 8065 1508 7912 356 8121 3715 4941 7152 3224
28 4435 5634 206 8713 8379 8953 8659 1775 7491 5624 7458 3072 9593 4426 4351 8067 5537 2173 9548 2850 4516 1007 5867 5230 9076 2612 8139 7391
15 3869 8262 7464 7325 8018 4169 5919 8224 8483 777 4257 4174 9644 6509 165
23 7229 3329 1192 1944 127 1477 786 8629 2504 5639 456 2325 9828 684 1075 8994 8249 3529 5839 9269 7310 2133 3559
24 6304 578 6456 8237 9772 5436 1866 1190 4113 6985 1628 1199 601 9804 9361 5904 3502 2923 179 1021 6911 1356 6453 4691
28 8329 6984 7249 6849 6698 2051 6208 5861 7816 4204 9140 6669 3901 3334 4406 6324 7762 4764 5734 4734 67 4004 9230 5518 2749 5821 6154 4811
22 6836 8348 3708 1023 6864 8383 2937 6331 6704 5313 9858 5786 4639 8513 388 4283 7317 6936 9527 2144 1722 3503
18 6044 8184 6333 6023 5903 4617 6192 508 7552 2826 776 8853 2534 7930 5239 8704 6348 2049
27 688 5184 8285 352 1799 1263 2537 2710 4873 7075 2143 5479 9159 4746 6736 760 71 3496 2306 1444 3155 7719 6016 9189 8319 932 9921
19 656 1206 8996 9464 8302 1100 7456 1750 4958 8220 7007 3065 499 5870 3614 5056 9124 4390 3911
24 1978 6829 8115 3421 9896 4065 8323 5654 4258 9907 3794 7556 5255 5704 2476 894 2109 1331 9647 6812 2546 4548 5550 6610
20 3654 950 2695 2314 6141 9429 7634 9295 3300 5134 7503 2642 8687 6109 8722 5098 2469 7337 2502 5653
19 6115 2547 2116 4068 7355 6596 9487 908 7860 5553 7212 217 5420 1780 9197 7659 6441 1744 8345
12 3199 4002 2053 7846 5340 3699 8179 6414 5914 6385 2887 5138
19 5576 6305 3457 212 7319 8448 7956 7372 8035 9286 9377 576 6306 3752 5572 301 9609 3848 3246
18 6607 3849 8204 1387 6200 3060 4675 7037 1399 7259 1947 8026 2759 7910 1763 2767 6349 5891
18 4358 8294 9199 7250 867 9843 6684 4449 9848 2548 1186 9082 9471 7962 6910 1670 7678 6644
17 5954 8274 2209 9754 3468 211 7483 25 6793 788 6521 7671 8397 5284 1 7031 9569
23 8271 84 615 8557 3077 5730 9833 1942 7692 1716 816 8413 4836 1551 5000 3776 1320 137 8954 6953 5813 9798 7376
20 5693 4208 8191 4881 7164 6850 7000 3516 3022 350 4405 1657 5621 2663 3906 1546 4773 9997 4476 7813
10 3970 216 6706 9712 8967 3154 6755 9574 9686 5226
17 2989 8614 8601 3294 3221 7651 9981 6321 4012 9397 4774 3269 8883 8976 3438 2896 1411
19 35 381 3396 55 7808 1794 6703 7791 8599 636 5350 1534 1779 3088 7778 5530 8819 8394 6594
18 8840 9180 8111 3188 1228 7193 6947 6058 2368 852 6668 7732 425 305 2977 6274 8598 5475
15 5717 768 4953 8059 5069 3972 5140 2913 3833 693 9366 4603 8605 5384 9231
18 1530 8682 5295 583 183 8595 5913 2166 1325 6378 7194 9579 5382 9392 7940 4089 2796 581
16 4335 2291 3773 5155 3534 1689 4090 4366 9044 2074 8950 1879 3767 984 1582 101
11 8978 4379 311 4494 4205 6101 8231 3774 5858 1999 2461
15 9084 4990 2954 4147 568 4615 8485 7686 7933 6161 5782 799 9152 933 1431
5 2356 5441 6399 7691 9346
8 8792 4948 6541 4586 1113 7561 9109 5815
4 7399 3729 6547 2480
1 4984
0 
0 
0 
0 
0 
0 
0 
0 
0 
0 
0 
0 
0 
0 
0 
0 
0 
0 
0 
0 
0 
0 
0 
0 
0 
0 
0 
0 
0 
0 
0 
0 
0 
0 
0 
0 
0 
0 
0 
0 
0 
0 
0 
0 
0 
0 
0 
0 
0 
0 
0 
0 
0 
0 
0 
0 
0 
0 
0 
0 
0 
0 
0 
0 
0 
0 
0 
0 
0 
0 
0 
0 
0 
0 
0 
0 
0 
0 
0 
0 
