39 281 209 296 266 13 193 206 224 3 177 59 82 186 233 121 238 109 115 67 182 139 140 215 196 248 173 78 55 189 153 240 130 77 9 274 52 183 175 132
33 161 228 256 35 123 61 278 95 93 290 149 30 170 201 192 152 146 265 98 235 70 118 100 288 43 51 251 135 143 257 169 1 2
35 127 105 227 222 174 255 128 158 6 5 68 27 163 101 230 176 124 145 194 157 208 50 237 94 112 37 205 279 126 165 293 151 262 247 211
32 113 45 14 75 58 294 171 218 198 106 142 71 284 195 25 97 81 270 114 23 181 287 131 49 47 46 223 178 297 229 84 272
33 250 7 24 107 252 283 44 60 21 156 91 39 129 277 122 66 154 26 242 120 12 69 104 90 199 119 31 219 292 17 280 155 231
29 136 273 0 214 260 64 268 56 191 217 76 147 254 73 160 236 190 40 291 86 253 16 20 141 138 83 264 10 289
18 108 62 133 148 210 202 15 111 19 239 117 243 185 298 271 42 11 48
20 172 168 244 29 92 204 22 269 38 295 187 188 28 79 241 96 282 89 258 197
11 167 216 207 134 125 137 166 232 102 245 213
13 72 103 286 4 74 200 144 203 32 63 57 226 53
10 164 85 299 263 259 261 18 225 267 285
6 99 246 249 220 150 276
4 180 80 159 162
4 110 8 275 88
3 87 184 212
2 34 41
1 54
1 116
0 
0 
0 
0 
0 
0 
0 
0 
0 
0 
0 
0 
0 
0 
0 
0 
0 
0 
0 
0 
0 
0 
0 
0 
0 
0 
0 
0 
0 
0 
0 
0 
0 
0 
0 
0 
0 
0 
0 
0 
0 
0 
0 
0 
0 
0 
0 
0 
0 
0 
0 
0 
0 
0 
0 
0 
0 
0 
0 
0 
0 
0 
0 
0 
0 
0 
0 
0 
0 
0 
0 
0 
0 
0 
0 
0 
0 
0 
0 
0 
0 
0 
